<?xml version="1.0" encoding="UTF-8"?>
<!-- Generated by org.testng.reporters.JUnitReportReporter -->
<testsuite hostname="DESKTOP-GFANGBB" failures="0" tests="3" name="drapercompany.tests.SubmitOrderTest" time="21.475" errors="0" timestamp="2025-03-18T18:09:40 CDT" skipped="0">
  <testcase classname="drapercompany.tests.SubmitOrderTest" name="submitOrder" time="7.891"/>
  <testcase classname="drapercompany.tests.SubmitOrderTest" name="submitOrder" time="8.231"/>
  <testcase classname="drapercompany.tests.SubmitOrderTest" name="OrderHistoryTest" time="5.353"/>
</testsuite> <!-- drapercompany.tests.SubmitOrderTest -->
