<?xml version="1.0" encoding="UTF-8"?>
<!-- Generated by org.testng.reporters.JUnitReportReporter -->
<testsuite hostname="DESKTOP-GFANGBB" failures="0" tests="1" name="cucumber.TestNGTestRunner" time="8.259" errors="0" timestamp="2025-03-19T13:09:20 CDT" skipped="0">
  <testcase classname="cucumber.TestNGTestRunner" name="runScenario" time="8.259"/>
</testsuite> <!-- cucumber.TestNGTestRunner -->
