<?xml version="1.0" encoding="UTF-8"?>
<!-- Generated by org.testng.reporters.JUnitReportReporter -->
<testsuite hostname="DESKTOP-GFANGBB" failures="0" tests="2" name="drapercompany.tests.ErrorValidationsTest" time="12.405" errors="0" timestamp="2025-03-18T18:09:40 CDT" skipped="0">
  <testcase classname="drapercompany.tests.ErrorValidationsTest" name="productErrorValidation" time="7.647"/>
  <testcase classname="drapercompany.tests.ErrorValidationsTest" name="loginErrorValidation" time="4.758"/>
</testsuite> <!-- drapercompany.tests.ErrorValidationsTest -->
