<?xml version="1.0" encoding="UTF-8"?>
<!-- Generated by org.testng.reporters.JUnitReportReporter -->
<testsuite hostname="DESKTOP-GFANGBB" failures="0" tests="3" name="drapercompany.tests.SubmitOrderTest" time="24.569" errors="0" timestamp="2025-03-20T01:51:14 CDT" skipped="0">
  <testcase classname="drapercompany.tests.SubmitOrderTest" name="submitOrder" time="9.077"/>
  <testcase classname="drapercompany.tests.SubmitOrderTest" name="submitOrder" time="9.761"/>
  <testcase classname="drapercompany.tests.SubmitOrderTest" name="OrderHistoryTest" time="5.731"/>
</testsuite> <!-- drapercompany.tests.SubmitOrderTest -->
