<?xml version="1.0" encoding="UTF-8"?>
<!-- Generated by org.testng.reporters.JUnitReportReporter -->
<testsuite hostname="DESKTOP-GFANGBB" failures="0" tests="2" name="drapercompany.tests.ErrorValidations" time="15.214" errors="0" timestamp="2025-03-16T21:28:08 CDT" skipped="0">
  <testcase classname="drapercompany.tests.ErrorValidations" name="productErrorValidation" time="6.550"/>
  <testcase classname="drapercompany.tests.ErrorValidations" name="submitOrder" time="8.664"/>
</testsuite> <!-- drapercompany.tests.ErrorValidations -->
