<?xml version="1.0" encoding="UTF-8"?>
<!-- Generated by org.testng.reporters.JUnitReportReporter -->
<testsuite hostname="DESKTOP-GFANGBB" failures="0" tests="3" name="drapercompany.tests.SubmitOrderTest" time="21.810" errors="0" timestamp="2025-03-19T14:05:01 CDT" skipped="0">
  <testcase classname="drapercompany.tests.SubmitOrderTest" name="submitOrder" time="8.777"/>
  <testcase classname="drapercompany.tests.SubmitOrderTest" name="submitOrder" time="8.090"/>
  <testcase classname="drapercompany.tests.SubmitOrderTest" name="OrderHistoryTest" time="4.943"/>
</testsuite> <!-- drapercompany.tests.SubmitOrderTest -->
